LiveSQLBench base-full: 391 SELECT tasks, k=5, seed=7

    20/391   gathered 20
    40/391   gathered 40
    60/391   gathered 60
    80/391   gathered 80
    100/391   gathered 100
    120/391   gathered 120
    140/391   gathered 140
      rate limited, waiting 6s
    160/391   gathered 160
    180/391   gathered 180
    200/391   gathered 200
    220/391   gathered 220
    240/391   gathered 240
    260/391   gathered 260
    280/391   gathered 280
      rate limited, waiting 6s
    300/391   gathered 300
    320/391   gathered 320
    340/391   gathered 340
    360/391   gathered 360
    380/391   gathered 380

================================================================================
LIVESQLBENCH base-full — WisdomAI's own benchmark   (n=391, k=5, seed=7)
================================================================================
selector                                  accuracy   what it could see
--------------------------------------------------------------------------------
no selection (candidate #1)                  0.015   nothing
C  self-consistency                          0.020   only the candidates
B  HUMAN-PLAUSIBLE feedback                  0.020   the QUESTION only
A  ORACLE feedback                           0.023   THE GOLD ANSWER
--------------------------------------------------------------------------------
ceiling (best candidate that exists)         0.028   gold, per candidate
================================================================================

SELECTION PRECISION — when a correct answer IS among the 5 candidates,
how often is it actually picked?   (11 solvable tasks)

  A  ORACLE (sees the gold answer)   0.818
  B  HUMAN  (sees only the question) 0.727
  C  self-consistency (sees nothing) 0.727

THE FINDING
  lift from an ORACLE signal : +0.003
  lift from an HONEST signal : +0.000

  => 100% of the feedback lift disappears
     when the signal can no longer see the gold answer.

wrote results/lsb_summary.json
