BIRD: 50 tasks, 4 databases, k=5 candidates, seed=7

      rate limited, waiting 8s
      rate limited, waiting 16s
    gathered 10/50
      rate limited, waiting 8s
      rate limited, waiting 16s
    gathered 20/50
      rate limited, waiting 8s
      rate limited, waiting 16s
    gathered 30/50
      rate limited, waiting 8s
      rate limited, waiting 16s
    gathered 40/50
      rate limited, waiting 8s
      rate limited, waiting 16s
      rate limited, waiting 8s
      rate limited, waiting 16s
    gathered 50/50

==============================================================================
DOES THE FEEDBACK SIGNAL LEARN, OR DOES IT LEAK?   (BIRD, n=50, k=5, seed=7)
==============================================================================
selector                                    accuracy   what it was allowed to see
------------------------------------------------------------------------------
no selection (take candidate #1)               0.580   nothing
C  self-consistency (no feedback)              0.580   only the candidates
B  HUMAN-PLAUSIBLE feedback                    0.600   the QUESTION only
A  ORACLE feedback                             0.640   THE GOLD ANSWER
------------------------------------------------------------------------------
ceiling (best candidate that exists)           0.640   gold, per candidate
==============================================================================

THE FINDING
  lift from an ORACLE signal over no-feedback : +0.060
  lift from an HONEST signal over no-feedback : +0.020
  THE GAP (A - B)                             : +0.040

  => 67% of the feedback lift DISAPPEARS when the signal
     is no longer allowed to see the gold answer.

wrote results/gathered.jsonl + results/summary.json
